2023-08-06 05:05:22.194433 - Initialized conversion of CBT534
2023-08-06 05:05:22.978146 - Received CBT.V505.FILE534.PDS from FILE534.XMI 
2023-08-06 05:05:22.980621 - Found $$$$$DOC.txt (text/plain) in CBT.V505.FILE534.PDS, moved to PDS/$$$$$DOC
2023-08-06 05:05:22.981674 - Found $$$#DATE.txt (text/plain) in CBT.V505.FILE534.PDS, moved to PDS/$$$#DATE
2023-08-06 05:05:22.982613 - Found $$NOTE01.txt (text/plain) in CBT.V505.FILE534.PDS, moved to PDS/$$NOTE01
2023-08-06 05:05:22.983529 - Found $$NOTE02.txt (text/plain) in CBT.V505.FILE534.PDS, moved to PDS/$$NOTE02
2023-08-06 05:05:22.984540 - Found $$VER210.txt (text/plain) in CBT.V505.FILE534.PDS, moved to PDS/$$VER210
2023-08-06 05:05:22.985430 - Found $INSTALL.txt (text/plain) in CBT.V505.FILE534.PDS, moved to PDS/$INSTALL
2023-08-06 05:05:22.986384 - Found @FILE534.txt (text/plain) in CBT.V505.FILE534.PDS, moved to PDS/@FILE534
2023-08-06 05:05:22.987262 - Found IKJTSO00.txt (text/plain) in CBT.V505.FILE534.PDS, moved to PDS/IKJTSO00
2023-08-06 05:05:22.988164 - Found ISR@PRIM.txt (text/plain) in CBT.V505.FILE534.PDS, moved to PDS/ISR@PRIM
2023-08-06 05:05:22.988990 - Found JCL1.jcl (text/plain) in CBT.V505.FILE534.PDS, moved to PDS/JCL1
2023-08-06 05:05:22.989928 - Found JCL2.jcl (text/plain) in CBT.V505.FILE534.PDS, moved to PDS/JCL2
2023-08-06 05:05:22.991371 - Found SPACE.txt (text/plain) in CBT.V505.FILE534.PDS, moved to PDS/SPACE
2023-08-06 05:05:22.992680 - Found SPACE01.txt (text/plain) in CBT.V505.FILE534.PDS, moved to PDS/SPACE01
2023-08-06 05:05:22.994119 - Found SPACE02.txt (text/plain) in CBT.V505.FILE534.PDS, moved to PDS/SPACE02
2023-08-06 05:05:22.994969 - Found SPF@PRIM.txt (text/plain) in CBT.V505.FILE534.PDS, moved to PDS/SPF@PRIM
2023-08-06 05:05:22.995929 - Found SSCSPCD1.txt (text/plain) in CBT.V505.FILE534.PDS, moved to PDS/SSCSPCD1
2023-08-06 05:05:22.996810 - Found SSCSPCFA.txt (text/plain) in CBT.V505.FILE534.PDS, moved to PDS/SSCSPCFA
2023-08-06 05:05:22.997754 - Found SSCSPCFB.txt (text/plain) in CBT.V505.FILE534.PDS, moved to PDS/SSCSPCFB
2023-08-06 05:05:22.998627 - Found SSCSPCFC.txt (text/plain) in CBT.V505.FILE534.PDS, moved to PDS/SSCSPCFC
2023-08-06 05:05:22.999524 - Found SSCSPCFD.txt (text/plain) in CBT.V505.FILE534.PDS, moved to PDS/SSCSPCFD
2023-08-06 05:05:23.000425 - Found SSCSPCFE.txt (text/plain) in CBT.V505.FILE534.PDS, moved to PDS/SSCSPCFE
2023-08-06 05:05:23.001277 - Found SSCSPCFF.txt (text/plain) in CBT.V505.FILE534.PDS, moved to PDS/SSCSPCFF
2023-08-06 05:05:23.002210 - Found SSCSPCFG.txt (text/plain) in CBT.V505.FILE534.PDS, moved to PDS/SSCSPCFG
2023-08-06 05:05:23.003091 - Found SSCSPCFH.txt (text/plain) in CBT.V505.FILE534.PDS, moved to PDS/SSCSPCFH
2023-08-06 05:05:23.003977 - Found SSCSPCFI.txt (text/plain) in CBT.V505.FILE534.PDS, moved to PDS/SSCSPCFI
2023-08-06 05:05:23.004792 - Found SSCSPCF1.txt (text/plain) in CBT.V505.FILE534.PDS, moved to PDS/SSCSPCF1
2023-08-06 05:05:23.005657 - Found SSCSPCF2.txt (text/plain) in CBT.V505.FILE534.PDS, moved to PDS/SSCSPCF2
2023-08-06 05:05:23.006478 - Found SSCSPCF3.txt (text/plain) in CBT.V505.FILE534.PDS, moved to PDS/SSCSPCF3
2023-08-06 05:05:23.007280 - Found SSCSPCF4.txt (text/plain) in CBT.V505.FILE534.PDS, moved to PDS/SSCSPCF4
2023-08-06 05:05:23.008075 - Found SSCSPCF5.txt (text/plain) in CBT.V505.FILE534.PDS, moved to PDS/SSCSPCF5
2023-08-06 05:05:23.008872 - Found SSCSPCF6.txt (text/plain) in CBT.V505.FILE534.PDS, moved to PDS/SSCSPCF6
2023-08-06 05:05:23.009967 - Found SSCSPCF7.txt (text/plain) in CBT.V505.FILE534.PDS, moved to PDS/SSCSPCF7
2023-08-06 05:05:23.010976 - Found SSCSPCF8.txt (text/plain) in CBT.V505.FILE534.PDS, moved to PDS/SSCSPCF8
2023-08-06 05:05:23.011837 - Found SSCSPCF9.txt (text/plain) in CBT.V505.FILE534.PDS, moved to PDS/SSCSPCF9
2023-08-06 05:05:23.012674 - Found SSCSPCG1.txt (text/plain) in CBT.V505.FILE534.PDS, moved to PDS/SSCSPCG1
2023-08-06 05:05:23.013689 - Found SSCSPCH1.txt (text/plain) in CBT.V505.FILE534.PDS, moved to PDS/SSCSPCH1
2023-08-06 05:05:23.014617 - Found SSCSPCM1.txt (text/plain) in CBT.V505.FILE534.PDS, moved to PDS/SSCSPCM1
2023-08-06 05:05:23.015501 - Found SSCSPCO0.txt (text/plain) in CBT.V505.FILE534.PDS, moved to PDS/SSCSPCO0
2023-08-06 05:05:23.016369 - Found SSCSPCO1.txt (text/plain) in CBT.V505.FILE534.PDS, moved to PDS/SSCSPCO1
2023-08-06 05:05:23.017202 - Found SSCSPCO2.txt (text/plain) in CBT.V505.FILE534.PDS, moved to PDS/SSCSPCO2
2023-08-06 05:05:23.018106 - Found SSCSPCO3.txt (text/plain) in CBT.V505.FILE534.PDS, moved to PDS/SSCSPCO3
2023-08-06 05:05:23.019044 - Found SSCSPCO4.txt (text/plain) in CBT.V505.FILE534.PDS, moved to PDS/SSCSPCO4
2023-08-06 05:05:23.019887 - Found SSCSPCO5.txt (text/plain) in CBT.V505.FILE534.PDS, moved to PDS/SSCSPCO5
2023-08-06 05:05:23.020688 - Found SSCSPCO6.txt (text/plain) in CBT.V505.FILE534.PDS, moved to PDS/SSCSPCO6
2023-08-06 05:05:23.021657 - Found SSCSPCP1.txt (text/plain) in CBT.V505.FILE534.PDS, moved to PDS/SSCSPCP1
2023-08-06 05:05:23.022615 - Found SSCSPC01.txt (text/plain) in CBT.V505.FILE534.PDS, moved to PDS/SSCSPC01
2023-08-06 05:05:23.023437 - Found SSCSPC02.txt (text/plain) in CBT.V505.FILE534.PDS, moved to PDS/SSCSPC02
2023-08-06 05:05:23.023447 - Found SSCSPC03.bin containing application/octet-stream, moved to PDS/SSCSPC03
